<?xml version="1.0" encoding="UTF-8"?>
<!-- Generated by org.testng.reporters.JUnitXMLReporter -->
<testsuite ignored="0" hostname="AslamBasha" failures="0" tests="2" name="FlipkartScenario Test" time="2.368" errors="0" timestamp="2023-06-10T09:13:18 IST">
  <testcase classname="com.QA.CaseStudy1.Scenario2.FlipkartScenario" name="verifyFlipkartLogoOnHomePage" time="0.142"/>
  <testcase classname="com.QA.CaseStudy1.Scenario2.FlipkartScenario" name="searchAndVerifyFirstItem" time="2.162"/>
</testsuite> <!-- FlipkartScenario Test -->
