<?xml version="1.0" encoding="UTF-8"?>
<!-- Generated by org.testng.reporters.JUnitXMLReporter -->
<testsuite ignored="0" hostname="AslamBasha" failures="0" tests="3" name="AutomationPanda Test" time="11.899" errors="0" timestamp="2023-06-10T09:14:00 IST">
  <testcase classname="com.QA.CaseStudy4.AutomationPandaScenario" name="verifyTitleOnAutomationPanda" time="0.047"/>
  <testcase classname="com.QA.CaseStudy4.AutomationPandaScenario" name="verifyContactPage" time="6.179"/>
  <testcase classname="com.QA.CaseStudy4.AutomationPandaScenario" name="fillContactFormAndVerifyMessageSent" time="5.622"/>
</testsuite> <!-- AutomationPanda Test -->
