<?xml version="1.0" encoding="UTF-8"?>
<testng-results ignored="0" total="3" passed="3" failed="0" skipped="0">
  <reporter-output>
  </reporter-output>
  <suite started-at="2023-06-10T09:13:48 IST" name="AutomationPanda Scenario Suite" finished-at="2023-06-10T09:14:00 IST" duration-ms="11899">
    <groups>
    </groups>
    <test started-at="2023-06-10T09:13:48 IST" name="AutomationPanda Test" finished-at="2023-06-10T09:14:00 IST" duration-ms="11899">
      <class name="com.QA.CaseStudy4.AutomationPandaScenario">
        <test-method is-config="true" signature="setUp(java.lang.String)[pri:0, instance:com.QA.CaseStudy4.AutomationPandaScenario@1b2abca6]" started-at="2023-06-10T09:13:40 IST" name="setUp" finished-at="2023-06-10T09:13:48 IST" duration-ms="8138" status="PASS">
          <params>
            <param index="0">
              <value>
                <![CDATA[https://automationpanda.com/2021/12/29/want-to-practice-test-automation-try-these-demo-sites/]]>
              </value>
            </param>
          </params>
          <reporter-output>
          </reporter-output>
        </test-method> <!-- setUp -->
        <test-method signature="verifyTitleOnAutomationPanda()[pri:1, instance:com.QA.CaseStudy4.AutomationPandaScenario@1b2abca6]" started-at="2023-06-10T09:13:48 IST" name="verifyTitleOnAutomationPanda" finished-at="2023-06-10T09:13:48 IST" duration-ms="47" status="PASS">
          <reporter-output>
          </reporter-output>
        </test-method> <!-- verifyTitleOnAutomationPanda -->
        <test-method signature="verifyContactPage()[pri:2, instance:com.QA.CaseStudy4.AutomationPandaScenario@1b2abca6]" started-at="2023-06-10T09:13:48 IST" name="verifyContactPage" finished-at="2023-06-10T09:13:54 IST" duration-ms="6179" status="PASS">
          <reporter-output>
          </reporter-output>
        </test-method> <!-- verifyContactPage -->
        <test-method signature="fillContactFormAndVerifyMessageSent()[pri:3, instance:com.QA.CaseStudy4.AutomationPandaScenario@1b2abca6]" started-at="2023-06-10T09:13:54 IST" name="fillContactFormAndVerifyMessageSent" finished-at="2023-06-10T09:14:00 IST" duration-ms="5622" status="PASS">
          <reporter-output>
          </reporter-output>
        </test-method> <!-- fillContactFormAndVerifyMessageSent -->
        <test-method is-config="true" signature="tearDown()[pri:0, instance:com.QA.CaseStudy4.AutomationPandaScenario@1b2abca6]" started-at="2023-06-10T09:14:00 IST" name="tearDown" finished-at="2023-06-10T09:14:00 IST" duration-ms="299" status="PASS">
          <reporter-output>
          </reporter-output>
        </test-method> <!-- tearDown -->
      </class> <!-- com.QA.CaseStudy4.AutomationPandaScenario -->
    </test> <!-- AutomationPanda Test -->
  </suite> <!-- AutomationPanda Scenario Suite -->
</testng-results>
